[0.308s] Invoking command in '/home/justin/vbm_project/build/pcl_sampling': CMAKE_PREFIX_PATH=${CMAKE_PREFIX_PATH}:/opt/ros/humble /usr/bin/cmake --build /home/justin/vbm_project/build/pcl_sampling -- -j12 -l12
[0.409s] [35m[1mConsolidate compiler generated dependencies of target pcl_sampling[0m
[0.490s] [ 50%] [32mBuilding CXX object CMakeFiles/pcl_sampling.dir/src/pcl_sampling.cpp.o[0m
[11.836s] [01m[K/home/justin/vbm_project/src/pcl_sampling/src/pcl_sampling.cpp:[m[K In function â€˜[01m[Kint main()[m[Kâ€™:
[11.836s] [01m[K/home/justin/vbm_project/src/pcl_sampling/src/pcl_sampling.cpp:134:15:[m[K [01;31m[Kerror: [m[Kâ€˜[01m[Krclcpp[m[Kâ€™ has not been declared
[11.836s]   134 |   RCLCPP_INFO([01;31m[Krclcpp[m[K::get_logger("rclcpp"), "Point 1: %d" " Point 2: %d" " Point 3: %d",
[11.836s]       |               [01;31m[K^~~~~~[m[K
[11.844s] [01m[K/home/justin/vbm_project/src/pcl_sampling/src/pcl_sampling.cpp:134:3:[m[K [01;31m[Kerror: [m[Kâ€˜[01m[KRCLCPP_INFO[m[Kâ€™ was not declared in this scope; did you mean â€˜[01m[KPCL_INFO[m[Kâ€™?
[11.844s]   134 |   [01;31m[KRCLCPP_INFO[m[K(rclcpp::get_logger("rclcpp"), "Point 1: %d" " Point 2: %d" " Point 3: %d",
[11.844s]       |   [01;31m[K^~~~~~~~~~~[m[K
[11.844s]       |   [32m[KPCL_INFO[m[K
[13.229s] gmake[2]: *** [CMakeFiles/pcl_sampling.dir/build.make:76: CMakeFiles/pcl_sampling.dir/src/pcl_sampling.cpp.o] Error 1
[13.229s] gmake[1]: *** [CMakeFiles/Makefile2:137: CMakeFiles/pcl_sampling.dir/all] Error 2
[13.230s] gmake: *** [Makefile:146: all] Error 2
[13.232s] Invoked command in '/home/justin/vbm_project/build/pcl_sampling' returned '2': CMAKE_PREFIX_PATH=${CMAKE_PREFIX_PATH}:/opt/ros/humble /usr/bin/cmake --build /home/justin/vbm_project/build/pcl_sampling -- -j12 -l12
