[01m[K/home/justin/vbm_project/src/pcl_sampling/src/pcl_sampling.cpp:[m[K In function â€˜[01m[Kint main()[m[Kâ€™:
[01m[K/home/justin/vbm_project/src/pcl_sampling/src/pcl_sampling.cpp:147:2:[m[K [01;31m[Kerror: [m[Kexpected â€˜[01m[K}[m[Kâ€™ at end of input
  147 | }
      |  [01;31m[K^[m[K
[01m[K/home/justin/vbm_project/src/pcl_sampling/src/pcl_sampling.cpp:128:3:[m[K [01;36m[Knote: [m[Kto match this â€˜[01m[K{[m[Kâ€™
  128 |   [01;36m[K{[m[K
      |   [01;36m[K^[m[K
[01m[K/home/justin/vbm_project/src/pcl_sampling/src/pcl_sampling.cpp:147:2:[m[K [01;31m[Kerror: [m[Kexpected â€˜[01m[K}[m[Kâ€™ at end of input
  147 | }
      |  [01;31m[K^[m[K
[01m[K/home/justin/vbm_project/src/pcl_sampling/src/pcl_sampling.cpp:33:1:[m[K [01;36m[Knote: [m[Kto match this â€˜[01m[K{[m[Kâ€™
   33 | [01;36m[K{[m[K
      | [01;36m[K^[m[K
gmake[2]: *** [CMakeFiles/pcl_sampling.dir/build.make:76: CMakeFiles/pcl_sampling.dir/src/pcl_sampling.cpp.o] Error 1
gmake[1]: *** [CMakeFiles/Makefile2:137: CMakeFiles/pcl_sampling.dir/all] Error 2
gmake: *** [Makefile:146: all] Error 2
