[0.135s] Invoking command in '/home/justin/vbm_project/build/pcl_sampling': CMAKE_PREFIX_PATH=${CMAKE_PREFIX_PATH}:/opt/ros/humble /usr/bin/cmake --build /home/justin/vbm_project/build/pcl_sampling -- -j12 -l12
[0.177s] [35m[1mConsolidate compiler generated dependencies of target pcl_sampling[0m
[0.207s] [ 50%] [32mBuilding CXX object CMakeFiles/pcl_sampling.dir/src/pcl_sampling.cpp.o[0m
[6.826s] [01m[K/home/justin/vbm_project/src/pcl_sampling/src/pcl_sampling.cpp:[m[K In function â€˜[01m[Kint main()[m[Kâ€™:
[6.826s] [01m[K/home/justin/vbm_project/src/pcl_sampling/src/pcl_sampling.cpp:147:2:[m[K [01;31m[Kerror: [m[Kexpected â€˜[01m[K}[m[Kâ€™ at end of input
[6.826s]   147 | }
[6.826s]       |  [01;31m[K^[m[K
[6.826s] [01m[K/home/justin/vbm_project/src/pcl_sampling/src/pcl_sampling.cpp:128:3:[m[K [01;36m[Knote: [m[Kto match this â€˜[01m[K{[m[Kâ€™
[6.826s]   128 |   [01;36m[K{[m[K
[6.826s]       |   [01;36m[K^[m[K
[6.826s] [01m[K/home/justin/vbm_project/src/pcl_sampling/src/pcl_sampling.cpp:147:2:[m[K [01;31m[Kerror: [m[Kexpected â€˜[01m[K}[m[Kâ€™ at end of input
[6.826s]   147 | }
[6.826s]       |  [01;31m[K^[m[K
[6.826s] [01m[K/home/justin/vbm_project/src/pcl_sampling/src/pcl_sampling.cpp:33:1:[m[K [01;36m[Knote: [m[Kto match this â€˜[01m[K{[m[Kâ€™
[6.826s]    33 | [01;36m[K{[m[K
[6.826s]       | [01;36m[K^[m[K
[9.101s] gmake[2]: *** [CMakeFiles/pcl_sampling.dir/build.make:76: CMakeFiles/pcl_sampling.dir/src/pcl_sampling.cpp.o] Error 1
[9.101s] gmake[1]: *** [CMakeFiles/Makefile2:137: CMakeFiles/pcl_sampling.dir/all] Error 2
[9.101s] gmake: *** [Makefile:146: all] Error 2
[9.104s] Invoked command in '/home/justin/vbm_project/build/pcl_sampling' returned '2': CMAKE_PREFIX_PATH=${CMAKE_PREFIX_PATH}:/opt/ros/humble /usr/bin/cmake --build /home/justin/vbm_project/build/pcl_sampling -- -j12 -l12
