[0.134s] Invoking command in '/home/justin/vbm_project/build/pcl_sampling': CMAKE_PREFIX_PATH=${CMAKE_PREFIX_PATH}:/opt/ros/humble /usr/bin/cmake --build /home/justin/vbm_project/build/pcl_sampling -- -j12 -l12
[0.188s] [ 50%] [32mBuilding CXX object CMakeFiles/pcl_sampling.dir/src/pcl_sampling.cpp.o[0m
[1.663s] [01m[K/home/justin/vbm_project/src/pcl_sampling/src/pcl_sampling.cpp:12:10:[m[K [01;31m[Kfatal error: [m[Krclcpp/rclcpp.hpp: No such file or directory
[1.664s]    12 | #include [01;31m[K<rclcpp/rclcpp.hpp>[m[K
[1.664s]       |          [01;31m[K^~~~~~~~~~~~~~~~~~~[m[K
[1.664s] compilation terminated.
[1.681s] gmake[2]: *** [CMakeFiles/pcl_sampling.dir/build.make:76: CMakeFiles/pcl_sampling.dir/src/pcl_sampling.cpp.o] Error 1
[1.681s] gmake[1]: *** [CMakeFiles/Makefile2:137: CMakeFiles/pcl_sampling.dir/all] Error 2
[1.682s] gmake: *** [Makefile:146: all] Error 2
[1.687s] Invoked command in '/home/justin/vbm_project/build/pcl_sampling' returned '2': CMAKE_PREFIX_PATH=${CMAKE_PREFIX_PATH}:/opt/ros/humble /usr/bin/cmake --build /home/justin/vbm_project/build/pcl_sampling -- -j12 -l12
