[0.139s] Invoking command in '/home/justin/vbm_project/build/pcl_sampling': CMAKE_PREFIX_PATH=${CMAKE_PREFIX_PATH}:/opt/ros/humble /usr/bin/cmake --build /home/justin/vbm_project/build/pcl_sampling -- -j12 -l12
[0.180s] [35m[1mConsolidate compiler generated dependencies of target pcl_sampling[0m
[0.209s] [ 50%] [32mBuilding CXX object CMakeFiles/pcl_sampling.dir/src/pcl_sampling.cpp.o[0m
[6.890s] [01m[K/home/justin/vbm_project/src/pcl_sampling/src/pcl_sampling.cpp:[m[K In function â€˜[01m[Kint main()[m[Kâ€™:
[6.890s] [01m[K/home/justin/vbm_project/src/pcl_sampling/src/pcl_sampling.cpp:134:64:[m[K [01;31m[Kerror: [m[Kâ€˜[01m[Kcentroid_cloud[m[Kâ€™ was not declared in this scope
[6.890s]   134 |   reader.read ("/home/justin/Downloads/pointcloud_copy1.pcd", *[01;31m[Kcentroid_cloud[m[K);
[6.890s]       |                                                                [01;31m[K^~~~~~~~~~~~~~[m[K
[9.174s] gmake[2]: *** [CMakeFiles/pcl_sampling.dir/build.make:76: CMakeFiles/pcl_sampling.dir/src/pcl_sampling.cpp.o] Error 1
[9.174s] gmake[1]: *** [CMakeFiles/Makefile2:137: CMakeFiles/pcl_sampling.dir/all] Error 2
[9.174s] gmake: *** [Makefile:146: all] Error 2
[9.177s] Invoked command in '/home/justin/vbm_project/build/pcl_sampling' returned '2': CMAKE_PREFIX_PATH=${CMAKE_PREFIX_PATH}:/opt/ros/humble /usr/bin/cmake --build /home/justin/vbm_project/build/pcl_sampling -- -j12 -l12
