[0.101s] Invoking command in '/home/neha/VBM/vbm_project/build/pcl_sampling': CMAKE_PREFIX_PATH=${CMAKE_PREFIX_PATH}:/home/neha/ros2_ws/install/point_cloud:/home/neha/ros2_ws/install/opencv_test_py:/home/neha/voidwalking/ros2_ws/install/waypoints:/opt/ros/humble /usr/bin/cmake --build /home/neha/VBM/vbm_project/build/pcl_sampling -- -j20 -l20
[0.131s] -- Found ament_cmake: 1.3.5 (/opt/ros/humble/share/ament_cmake/cmake)
[0.247s] -- Eigen found (include: /usr/include/eigen3, version: 3.4.0)
[0.284s] -- FLANN found (include: /usr/include, lib: /usr/lib/x86_64-linux-gnu/libflann_cpp.so)
[0.549s] -- OpenNI found (version: 1.5.4.0, include: /usr/include/ni, lib: /usr/lib/libOpenNI.so;libusb::libusb)
[0.553s] -- OpenNI2 found (version: 2.2.0.33, include: /usr/include/openni2, lib: /usr/lib/x86_64-linux-gnu/libOpenNI2.so;libusb::libusb)
[0.553s] [0m** WARNING ** io features related to pcap will be disabled[0m
[0.648s] -- Eigen found (include: /usr/include/eigen3, version: 3.4.0)
[0.652s] -- OpenNI found (version: 1.5.4.0, include: /usr/include/ni, lib: /usr/lib/libOpenNI.so;libusb::libusb)
[0.655s] -- OpenNI2 found (version: 2.2.0.33, include: /usr/include/openni2, lib: /usr/lib/x86_64-linux-gnu/libOpenNI2.so;libusb::libusb)
[0.747s] -- Found Qhull version 8.0.2
[0.841s] -- OpenNI found (version: 1.5.4.0, include: /usr/include/ni, lib: /usr/lib/libOpenNI.so;libusb::libusb)
[0.930s] -- looking for PCL_COMMON
[0.930s] -- looking for PCL_KDTREE
[0.930s] -- looking for PCL_OCTREE
[0.930s] -- looking for PCL_SEARCH
[0.930s] -- looking for PCL_SAMPLE_CONSENSUS
[0.930s] -- looking for PCL_FILTERS
[0.930s] -- looking for PCL_2D
[0.931s] -- looking for PCL_GEOMETRY
[0.931s] -- looking for PCL_IO
[0.931s] -- looking for PCL_FEATURES
[0.931s] -- looking for PCL_ML
[0.931s] -- looking for PCL_SEGMENTATION
[0.932s] -- looking for PCL_VISUALIZATION
[0.932s] -- looking for PCL_SURFACE
[0.932s] -- looking for PCL_REGISTRATION
[0.932s] -- looking for PCL_KEYPOINTS
[0.932s] -- looking for PCL_TRACKING
[0.933s] -- looking for PCL_RECOGNITION
[0.933s] -- looking for PCL_STEREO
[0.933s] -- looking for PCL_APPS
[0.933s] -- looking for PCL_IN_HAND_SCANNER
[0.934s] -- looking for PCL_MODELER
[0.934s] -- looking for PCL_POINT_CLOUD_EDITOR
[0.934s] -- looking for PCL_OUTOFCORE
[0.934s] -- looking for PCL_PEOPLE
[0.935s] -- Found ament_lint_auto: 0.12.8 (/opt/ros/humble/share/ament_lint_auto/cmake)
[0.974s] -- Added test 'cppcheck' to perform static code analysis on C / C++ code
[0.974s] -- Configured cppcheck include dirs: 
[0.974s] -- Configured cppcheck exclude dirs and/or files: 
[0.974s] -- Added test 'lint_cmake' to check CMake code style
[0.974s] -- Added test 'uncrustify' to check C / C++ code style
[0.974s] -- Configured uncrustify additional arguments: 
[0.975s] -- Added test 'xmllint' to check XML markup files
[0.975s] -- Configuring done
[0.998s] -- Generating done
[0.999s] -- Build files have been written to: /home/neha/VBM/vbm_project/build/pcl_sampling
[1.018s] [35m[1mConsolidate compiler generated dependencies of target pcl_sampling[0m
[1.023s] [ 25%] [32mBuilding CXX object CMakeFiles/slicing.dir/src/slicing.cpp.o[0m
[1.038s] [ 50%] [32mBuilding CXX object CMakeFiles/pcl_sampling.dir/src/pcl_sampling.cpp.o[0m
[3.760s] [01m[K/home/neha/VBM/vbm_project/src/pcl_sampling/src/slicing.cpp:[m[K In function â€˜[01m[Kint main()[m[Kâ€™:
[3.760s] [01m[K/home/neha/VBM/vbm_project/src/pcl_sampling/src/slicing.cpp:36:10:[m[K [01;31m[Kerror: [m[Kâ€˜[01m[KgetMinMax3D[m[Kâ€™ is not a member of â€˜[01m[Kpcl[m[Kâ€™
[3.760s]    36 |     pcl::[01;31m[KgetMinMax3D[m[K(*cloud, minPt, maxPt);
[3.760s]       |          [01;31m[K^~~~~~~~~~~[m[K
[4.171s] gmake[2]: *** [CMakeFiles/slicing.dir/build.make:76: CMakeFiles/slicing.dir/src/slicing.cpp.o] Error 1
[4.171s] gmake[1]: *** [CMakeFiles/Makefile2:165: CMakeFiles/slicing.dir/all] Error 2
[4.171s] gmake[1]: *** Waiting for unfinished jobs....
[5.306s] [ 75%] [32m[1mLinking CXX executable pcl_sampling[0m
[6.316s] [ 75%] Built target pcl_sampling
[6.317s] gmake: *** [Makefile:146: all] Error 2
[6.320s] Invoked command in '/home/neha/VBM/vbm_project/build/pcl_sampling' returned '2': CMAKE_PREFIX_PATH=${CMAKE_PREFIX_PATH}:/home/neha/ros2_ws/install/point_cloud:/home/neha/ros2_ws/install/opencv_test_py:/home/neha/voidwalking/ros2_ws/install/waypoints:/opt/ros/humble /usr/bin/cmake --build /home/neha/VBM/vbm_project/build/pcl_sampling -- -j20 -l20
