[0.133s] Invoking command in '/home/neha/VBM/vbm_project/build/pcl_sampling': CMAKE_PREFIX_PATH=${CMAKE_PREFIX_PATH}:/home/neha/ros2_ws/install/point_cloud:/home/neha/ros2_ws/install/opencv_test_py:/home/neha/voidwalking/ros2_ws/install/waypoints:/opt/ros/humble /usr/bin/cmake --build /home/neha/VBM/vbm_project/build/pcl_sampling -- -j20 -l20
[0.160s] [35m[1mConsolidate compiler generated dependencies of target slicing[0m
[0.170s] [ 50%] Built target pcl_sampling
[0.174s] [ 75%] [32mBuilding CXX object CMakeFiles/slicing.dir/src/slicing.cpp.o[0m
[3.780s] [100%] [32m[1mLinking CXX executable slicing[0m
[4.090s] /usr/bin/ld: CMakeFiles/slicing.dir/src/slicing.cpp.o: in function `main':
[4.090s] slicing.cpp:(.text+0x7f8): undefined reference to `cv::convexHull(cv::_InputArray const&, cv::_OutputArray const&, bool, bool)'
[4.106s] collect2: error: ld returned 1 exit status
[4.108s] gmake[2]: *** [CMakeFiles/slicing.dir/build.make:179: slicing] Error 1
[4.108s] gmake[1]: *** [CMakeFiles/Makefile2:165: CMakeFiles/slicing.dir/all] Error 2
[4.108s] gmake: *** [Makefile:146: all] Error 2
[4.111s] Invoked command in '/home/neha/VBM/vbm_project/build/pcl_sampling' returned '2': CMAKE_PREFIX_PATH=${CMAKE_PREFIX_PATH}:/home/neha/ros2_ws/install/point_cloud:/home/neha/ros2_ws/install/opencv_test_py:/home/neha/voidwalking/ros2_ws/install/waypoints:/opt/ros/humble /usr/bin/cmake --build /home/neha/VBM/vbm_project/build/pcl_sampling -- -j20 -l20
